

########## n255: RS(255,239, t=8) + BCH(255, t=2) ##########

--- n255 / pure_rs ---
  n255/pure_rs @ 6.00 dB: FER=1.000e+00, BER=2.458e-02, avg_f2m=6511, 100 frames, 0.4s
  n255/pure_rs @ 6.50 dB: FER=1.000e+00, BER=1.924e-02, avg_f2m=6515, 100 frames, 0.4s
  n255/pure_rs @ 7.00 dB: FER=1.000e+00, BER=1.433e-02, avg_f2m=6515, 100 frames, 0.4s
  n255/pure_rs @ 7.50 dB: FER=1.000e+00, BER=1.090e-02, avg_f2m=6513, 100 frames, 0.4s
  n255/pure_rs @ 8.00 dB: FER=9.500e-01, BER=7.380e-03, avg_f2m=6501, 100 frames, 0.5s
  n255/pure_rs @ 8.50 dB: FER=7.400e-01, BER=4.310e-03, avg_f2m=6475, 100 frames, 0.5s
  n255/pure_rs @ 9.00 dB: FER=3.200e-01, BER=1.658e-03, avg_f2m=6250, 100 frames, 0.5s
  n255/pure_rs @ 9.50 dB: FER=4.255e-02, BER=1.981e-04, avg_f2m=5635, 470 frames, 2.1s
  n255/pure_rs @ 10.00 dB: FER=1.250e-03, BER=5.884e-06, avg_f2m=5107, 800 frames, 3.5s
  n255/pure_rs @ 10.50 dB: FER=0.000e+00, BER=0.000e+00, avg_f2m=4703, 800 frames, 3.3s

--- n255 / cascade_conv ---
  n255/cascade_conv @ 6.00 dB: FER=1.000e+00, BER=2.106e-02, avg_f2m=14623, 100 frames, 0.6s
  n255/cascade_conv @ 6.50 dB: FER=1.000e+00, BER=1.448e-02, avg_f2m=14279, 100 frames, 0.6s
  n255/cascade_conv @ 7.00 dB: FER=9.100e-01, BER=9.304e-03, avg_f2m=13756, 100 frames, 0.5s
  n255/cascade_conv @ 7.50 dB: FER=6.400e-01, BER=4.655e-03, avg_f2m=12908, 100 frames, 0.5s
  n255/cascade_conv @ 8.00 dB: FER=1.942e-01, BER=1.117e-03, avg_f2m=11206, 103 frames, 0.5s
  n255/cascade_conv @ 8.50 dB: FER=3.000e-02, BER=1.556e-04, avg_f2m=10064, 400 frames, 1.8s
  n255/cascade_conv @ 9.00 dB: FER=2.500e-03, BER=9.153e-06, avg_f2m=9258, 400 frames, 1.8s
  n255/cascade_conv @ 9.50 dB: FER=0.000e+00, BER=0.000e+00, avg_f2m=8826, 400 frames, 1.7s

--- n255 / cascade_direct ---
  n255/cascade_direct @ 6.00 dB: FER=1.000e+00, BER=2.106e-02, avg_f2m=11142, 100 frames, 0.5s
  n255/cascade_direct @ 6.50 dB: FER=1.000e+00, BER=1.448e-02, avg_f2m=11140, 100 frames, 0.5s
  n255/cascade_direct @ 7.00 dB: FER=9.100e-01, BER=9.304e-03, avg_f2m=11111, 100 frames, 0.5s
  n255/cascade_direct @ 7.50 dB: FER=6.400e-01, BER=4.655e-03, avg_f2m=10896, 100 frames, 0.5s
  n255/cascade_direct @ 8.00 dB: FER=1.942e-01, BER=1.117e-03, avg_f2m=10016, 103 frames, 0.5s
  n255/cascade_direct @ 8.50 dB: FER=3.000e-02, BER=1.556e-04, avg_f2m=9349, 400 frames, 1.8s
  n255/cascade_direct @ 9.00 dB: FER=2.500e-03, BER=9.153e-06, avg_f2m=8925, 400 frames, 1.7s
  n255/cascade_direct @ 9.50 dB: FER=0.000e+00, BER=0.000e+00, avg_f2m=8697, 400 frames, 1.7s


########## n127: RS(127,113, t=7) + BCH(127, t=2) ##########

--- n127 / pure_rs ---
  n127/pure_rs @ 5.00 dB: FER=1.000e+00, BER=3.332e-02, avg_f2m=2906, 100 frames, 0.2s
  n127/pure_rs @ 5.50 dB: FER=1.000e+00, BER=2.700e-02, avg_f2m=2907, 100 frames, 0.2s
  n127/pure_rs @ 6.00 dB: FER=1.000e+00, BER=2.135e-02, avg_f2m=2909, 100 frames, 0.2s
  n127/pure_rs @ 6.50 dB: FER=1.000e+00, BER=1.735e-02, avg_f2m=2906, 100 frames, 0.2s
  n127/pure_rs @ 7.00 dB: FER=9.000e-01, BER=1.197e-02, avg_f2m=2910, 100 frames, 0.2s
  n127/pure_rs @ 7.50 dB: FER=5.200e-01, BER=5.904e-03, avg_f2m=2876, 100 frames, 0.2s
  n127/pure_rs @ 8.00 dB: FER=2.500e-01, BER=2.680e-03, avg_f2m=2721, 100 frames, 0.2s
  n127/pure_rs @ 8.50 dB: FER=4.619e-02, BER=4.292e-04, avg_f2m=2508, 433 frames, 0.8s
  n127/pure_rs @ 9.00 dB: FER=2.500e-03, BER=2.212e-05, avg_f2m=2290, 800 frames, 1.5s
  n127/pure_rs @ 9.50 dB: FER=0.000e+00, BER=0.000e+00, avg_f2m=2126, 800 frames, 1.5s

--- n127 / cascade_conv ---
  n127/cascade_conv @ 5.00 dB: FER=9.900e-01, BER=2.802e-02, avg_f2m=6377, 100 frames, 0.2s
  n127/cascade_conv @ 5.50 dB: FER=9.000e-01, BER=1.860e-02, avg_f2m=6139, 100 frames, 0.2s
  n127/cascade_conv @ 6.00 dB: FER=5.600e-01, BER=9.102e-03, avg_f2m=5722, 100 frames, 0.2s
  n127/cascade_conv @ 6.50 dB: FER=2.600e-01, BER=3.515e-03, avg_f2m=5288, 100 frames, 0.2s
  n127/cascade_conv @ 7.00 dB: FER=6.873e-02, BER=8.124e-04, avg_f2m=4748, 291 frames, 0.6s
  n127/cascade_conv @ 7.50 dB: FER=1.750e-02, BER=2.118e-04, avg_f2m=4281, 400 frames, 0.8s
  n127/cascade_conv @ 8.00 dB: FER=2.500e-03, BER=3.161e-05, avg_f2m=4022, 400 frames, 0.7s
  n127/cascade_conv @ 8.50 dB: FER=0.000e+00, BER=0.000e+00, avg_f2m=3912, 400 frames, 0.7s

--- n127 / cascade_direct ---
  n127/cascade_direct @ 5.00 dB: FER=9.900e-01, BER=2.802e-02, avg_f2m=4973, 100 frames, 0.2s
  n127/cascade_direct @ 5.50 dB: FER=9.000e-01, BER=1.860e-02, avg_f2m=4951, 100 frames, 0.2s
  n127/cascade_direct @ 6.00 dB: FER=5.600e-01, BER=9.102e-03, avg_f2m=4820, 100 frames, 0.2s
  n127/cascade_direct @ 6.50 dB: FER=2.600e-01, BER=3.515e-03, avg_f2m=4577, 100 frames, 0.2s
  n127/cascade_direct @ 7.00 dB: FER=6.873e-02, BER=8.124e-04, avg_f2m=4310, 291 frames, 0.6s
  n127/cascade_direct @ 7.50 dB: FER=1.750e-02, BER=2.118e-04, avg_f2m=4027, 400 frames, 0.8s
  n127/cascade_direct @ 8.00 dB: FER=2.500e-03, BER=3.161e-05, avg_f2m=3891, 400 frames, 0.9s
  n127/cascade_direct @ 8.50 dB: FER=0.000e+00, BER=0.000e+00, avg_f2m=3852, 400 frames, 0.7s
Saved figures/fer_all.png/.pdf
Saved figures/latency_bars.png/.pdf


=== Latency KPI Table ===
config       pure_rs        Conv      Direct    Conv+share  Direct+share       KPI
n255              19          27          22            26            21        20
  →ratio                  +42.1%      +15.8%        +36.8%        +10.5%     (10%)
n127              17          25          20            24            19        18
  →ratio                  +47.1%      +17.6%        +41.2%        +11.8%     (10%)
